# JRE version: Java(TM) SE Runtime Environment (8.0_131-b11) (build 1.8.0_131-b11)
# Java VM: Java HotSpot(TM) Client VM (25.131-b11 mixed mode windows-x86 )
Heap:
 def new generation   total 16064K, used 14361K [0x07000000, 0x08160000, 0x0c550000)
  eden space 14336K, 100% used [0x07000000, 0x07e00000, 0x07e00000)
  from space 1728K,   1% used [0x07e00000, 0x07e064f0, 0x07fb0000)
  to   space 1728K,   0% used [0x07fb0000, 0x07fb16f0, 0x08160000)
 tenured generation   total 35496K, used 28231K [0x0c550000, 0x0e7fa000, 0x17000000)
   the space 35496K,  79% used [0x0c550000, 0x0e0e1e08, 0x0e0e2000, 0x0e7fa000)
 Metaspace       used 6205K, capacity 6372K, committed 6400K, reserved 6528K
GC Heap History (10 events):
Event: 42.322 GC heap after
Heap after GC invocations=841 (full 2):
 def new generation   total 16064K, used 22K [0x07000000, 0x08160000, 0x0c550000)
  eden space 14336K,   0% used [0x07000000, 0x07000000, 0x07e00000)
  from space 1728K,   1% used [0x07e00000, 0x07e05960, 0x07fb0000)
  to   space 1728K,   0% used [0x07fb0000, 0x07fb0000, 0x08160000)
 tenured generation   total 35496K, used 28225K [0x0c550000, 0x0e7fa000, 0x17000000)
   the space 35496K,  79% used [0x0c550000, 0x0e0e06a0, 0x0e0e0800, 0x0e7fa000)
 Metaspace       used 6205K, capacity 6372K, committed 6400K, reserved 6528K
}
Event: 42.360 GC heap before
{Heap before GC invocations=841 (full 2):
 def new generation   total 16064K, used 14358K [0x07000000, 0x08160000, 0x0c550000)
  eden space 14336K, 100% used [0x07000000, 0x07e00000, 0x07e00000)
  from space 1728K,   1% used [0x07e00000, 0x07e05960, 0x07fb0000)
  to   space 1728K,   0% used [0x07fb0000, 0x07fb0000, 0x08160000)
 tenured generation   total 35496K, used 28225K [0x0c550000, 0x0e7fa000, 0x17000000)
   the space 35496K,  79% used [0x0c550000, 0x0e0e06a0, 0x0e0e0800, 0x0e7fa000)
 Metaspace       used 6205K, capacity 6372K, committed 6400K, reserved 6528K
Event: 42.366 GC heap after
Heap after GC invocations=842 (full 2):
 def new generation   total 16064K, used 22K [0x07000000, 0x08160000, 0x0c550000)
  eden space 14336K,   0% used [0x07000000, 0x07000000, 0x07e00000)
  from space 1728K,   1% used [0x07fb0000, 0x07fb5a10, 0x08160000)
  to   space 1728K,   0% used [0x07e00000, 0x07e00000, 0x07fb0000)
 tenured generation   total 35496K, used 28225K [0x0c550000, 0x0e7fa000, 0x17000000)
   the space 35496K,  79% used [0x0c550000, 0x0e0e07b8, 0x0e0e0800, 0x0e7fa000)
 Metaspace       used 6205K, capacity 6372K, committed 6400K, reserved 6528K
}
Event: 42.418 GC heap before
{Heap before GC invocations=842 (full 2):
 def new generation   total 16064K, used 14358K [0x07000000, 0x08160000, 0x0c550000)
  eden space 14336K, 100% used [0x07000000, 0x07e00000, 0x07e00000)
  from space 1728K,   1% used [0x07fb0000, 0x07fb5a10, 0x08160000)
  to   space 1728K,   0% used [0x07e00000, 0x07e00000, 0x07fb0000)
 tenured generation   total 35496K, used 28225K [0x0c550000, 0x0e7fa000, 0x17000000)
   the space 35496K,  79% used [0x0c550000, 0x0e0e07b8, 0x0e0e0800, 0x0e7fa000)
 Metaspace       used 6205K, capacity 6372K, committed 6400K, reserved 6528K
Event: 42.425 GC heap after
Heap after GC invocations=843 (full 2):
 def new generation   total 16064K, used 25K [0x07000000, 0x08160000, 0x0c550000)
  eden space 14336K,   0% used [0x07000000, 0x07000000, 0x07e00000)
  from space 1728K,   1% used [0x07e00000, 0x07e06480, 0x07fb0000)
  to   space 1728K,   0% used [0x07fb0000, 0x07fb0000, 0x08160000)
 tenured generation   total 35496K, used 28228K [0x0c550000, 0x0e7fa000, 0x17000000)
   the space 35496K,  79% used [0x0c550000, 0x0e0e1270, 0x0e0e1400, 0x0e7fa000)
 Metaspace       used 6205K, capacity 6372K, committed 6400K, reserved 6528K
}
Event: 42.461 GC heap before
{Heap before GC invocations=843 (full 2):
 def new generation   total 16064K, used 14361K [0x07000000, 0x08160000, 0x0c550000)
  eden space 14336K, 100% used [0x07000000, 0x07e00000, 0x07e00000)
  from space 1728K,   1% used [0x07e00000, 0x07e06480, 0x07fb0000)
  to   space 1728K,   0% used [0x07fb0000, 0x07fb0000, 0x08160000)
 tenured generation   total 35496K, used 28228K [0x0c550000, 0x0e7fa000, 0x17000000)
   the space 35496K,  79% used [0x0c550000, 0x0e0e1270, 0x0e0e1400, 0x0e7fa000)
 Metaspace       used 6205K, capacity 6372K, committed 6400K, reserved 6528K
Event: 42.468 GC heap after
Heap after GC invocations=844 (full 2):
 def new generation   total 16064K, used 22K [0x07000000, 0x08160000, 0x0c550000)
  eden space 14336K,   0% used [0x07000000, 0x07000000, 0x07e00000)
  from space 1728K,   1% used [0x07fb0000, 0x07fb5a88, 0x08160000)
  to   space 1728K,   0% used [0x07e00000, 0x07e00000, 0x07fb0000)
 tenured generation   total 35496K, used 28228K [0x0c550000, 0x0e7fa000, 0x17000000)
   the space 35496K,  79% used [0x0c550000, 0x0e0e1318, 0x0e0e1400, 0x0e7fa000)
 Metaspace       used 6205K, capacity 6372K, committed 6400K, reserved 6528K
}
Event: 42.518 GC heap before
{Heap before GC invocations=844 (full 2):
 def new generation   total 16064K, used 14358K [0x07000000, 0x08160000, 0x0c550000)
  eden space 14336K, 100% used [0x07000000, 0x07e00000, 0x07e00000)
  from space 1728K,   1% used [0x07fb0000, 0x07fb5a88, 0x08160000)
  to   space 1728K,   0% used [0x07e00000, 0x07e00000, 0x07fb0000)
 tenured generation   total 35496K, used 28228K [0x0c550000, 0x0e7fa000, 0x17000000)
   the space 35496K,  79% used [0x0c550000, 0x0e0e1318, 0x0e0e1400, 0x0e7fa000)
 Metaspace       used 6205K, capacity 6372K, committed 6400K, reserved 6528K
Event: 42.524 GC heap after
Heap after GC invocations=845 (full 2):
 def new generation   total 16064K, used 25K [0x07000000, 0x08160000, 0x0c550000)
  eden space 14336K,   0% used [0x07000000, 0x07000000, 0x07e00000)
  from space 1728K,   1% used [0x07e00000, 0x07e064f0, 0x07fb0000)
  to   space 1728K,   0% used [0x07fb0000, 0x07fb0000, 0x08160000)
 tenured generation   total 35496K, used 28231K [0x0c550000, 0x0e7fa000, 0x17000000)
   the space 35496K,  79% used [0x0c550000, 0x0e0e1d28, 0x0e0e1e00, 0x0e7fa000)
 Metaspace       used 6205K, capacity 6372K, committed 6400K, reserved 6528K
}
Event: 42.566 GC heap before
{Heap before GC invocations=845 (full 2):
 def new generation   total 16064K, used 14361K [0x07000000, 0x08160000, 0x0c550000)
  eden space 14336K, 100% used [0x07000000, 0x07e00000, 0x07e00000)
  from space 1728K,   1% used [0x07e00000, 0x07e064f0, 0x07fb0000)
  to   space 1728K,   0% used [0x07fb0000, 0x07fb0000, 0x08160000)
 tenured generation   total 35496K, used 28231K [0x0c550000, 0x0e7fa000, 0x17000000)
   the space 35496K,  79% used [0x0c550000, 0x0e0e1d28, 0x0e0e1e00, 0x0e7fa000)
 Metaspace       used 6205K, capacity 6372K, committed 6400K, reserved 6528K

